<?xml version="1.0" encoding="UTF-8"?>
<!-- Generated by org.testng.reporters.JUnitXMLReporter -->
<testsuite ignored="0" hostname="DESKTOP-M1AAM1H" failures="2" tests="3" name="MySmartPriceTest" time="67.318" errors="0" timestamp="2020-09-21T00:36:15 IST">
  <testcase classname="com.mysmartprice.testngtests.MSP_TestNGTests" name="amazonPriceComparisionTest" time="13.741"/>
  <testcase classname="com.mysmartprice.testngtests.MSP_TestNGTests" name="flipkartPriceComparisionTest" time="11.952">
    <failure type="java.lang.AssertionError" message="expected [28999.0] but found [29799.0]">
      <![CDATA[java.lang.AssertionError: expected [28999.0] but found [29799.0]
at com.pages.MSP_CompareFlipkartPrice.compareFlipkartPrice(MSP_CompareFlipkartPrice.java:41)
at com.mysmartprice.testngtests.MSP_TestNGTests.flipkartPriceComparisionTest(MSP_TestNGTests.java:60)
at java.base/java.util.ArrayList.forEach(ArrayList.java:1511)
... Removed 31 stack frames]]>
    </failure>
  </testcase> <!-- flipkartPriceComparisionTest -->
  <testcase classname="com.mysmartprice.testngtests.MSP_TestNGTests" name="tataCliqComparisionTest" time="37.36">
    <failure type="java.lang.AssertionError" message="expected [28999.0] but found [31498.0]">
      <![CDATA[java.lang.AssertionError: expected [28999.0] but found [31498.0]
at com.pages.MSP_CompareTataCliqPrice.compareTataCliqPrice(MSP_CompareTataCliqPrice.java:47)
at com.mysmartprice.testngtests.MSP_TestNGTests.tataCliqComparisionTest(MSP_TestNGTests.java:76)
at java.base/java.util.ArrayList.forEach(ArrayList.java:1511)
... Removed 31 stack frames]]>
    </failure>
  </testcase> <!-- tataCliqComparisionTest -->
</testsuite> <!-- MySmartPriceTest -->
