<?xml version="1.0" encoding="UTF-8"?>
<testng-results ignored="0" total="3" passed="1" failed="2" skipped="0">
  <reporter-output>
  </reporter-output>
  <suite started-at="2020-09-21T00:35:08 IST" name="MySmartPriceSuite" finished-at="2020-09-21T00:36:15 IST" duration-ms="67318">
    <groups>
    </groups>
    <test started-at="2020-09-21T00:35:08 IST" name="MySmartPriceTest" finished-at="2020-09-21T00:36:15 IST" duration-ms="67318">
      <class name="com.mysmartprice.testngtests.MSP_TestNGTests">
        <test-method is-config="true" signature="startApplication(java.lang.String)[pri:0, instance:com.mysmartprice.testngtests.MSP_TestNGTests@1817d444]" started-at="2020-09-21T00:35:08 IST" name="startApplication" finished-at="2020-09-21T00:35:08 IST" duration-ms="7" status="PASS">
          <params>
            <param index="0">
              <value>
                <![CDATA[firefox]]>
              </value>
            </param>
          </params>
          <reporter-output>
          </reporter-output>
        </test-method> <!-- startApplication -->
        <test-method signature="amazonPriceComparisionTest()[pri:0, instance:com.mysmartprice.testngtests.MSP_TestNGTests@1817d444]" started-at="2020-09-21T00:35:08 IST" name="amazonPriceComparisionTest" finished-at="2020-09-21T00:35:22 IST" duration-ms="13741" status="PASS">
          <reporter-output>
          </reporter-output>
        </test-method> <!-- amazonPriceComparisionTest -->
        <test-method is-config="true" signature="closeAll()[pri:0, instance:com.mysmartprice.testngtests.MSP_TestNGTests@1817d444]" started-at="2020-09-21T00:35:22 IST" name="closeAll" finished-at="2020-09-21T00:35:23 IST" duration-ms="1385" status="PASS">
          <reporter-output>
          </reporter-output>
        </test-method> <!-- closeAll -->
        <test-method is-config="true" signature="startApplication(java.lang.String)[pri:0, instance:com.mysmartprice.testngtests.MSP_TestNGTests@1817d444]" started-at="2020-09-21T00:35:23 IST" name="startApplication" finished-at="2020-09-21T00:35:23 IST" duration-ms="1" status="PASS">
          <params>
            <param index="0">
              <value>
                <![CDATA[firefox]]>
              </value>
            </param>
          </params>
          <reporter-output>
          </reporter-output>
        </test-method> <!-- startApplication -->
        <test-method signature="flipkartPriceComparisionTest()[pri:0, instance:com.mysmartprice.testngtests.MSP_TestNGTests@1817d444]" started-at="2020-09-21T00:35:23 IST" name="flipkartPriceComparisionTest" finished-at="2020-09-21T00:35:35 IST" duration-ms="11952" status="FAIL">
          <exception class="java.lang.AssertionError">
            <message>
              <![CDATA[expected [28999.0] but found [29799.0]]]>
            </message>
            <full-stacktrace>
              <![CDATA[java.lang.AssertionError: expected [28999.0] but found [29799.0]
at org.testng.Assert.fail(Assert.java:99)
at org.testng.Assert.failNotEquals(Assert.java:1037)
at org.testng.Assert.assertEquals(Assert.java:701)
at org.testng.Assert.assertEquals(Assert.java:712)
at com.pages.MSP_CompareFlipkartPrice.compareFlipkartPrice(MSP_CompareFlipkartPrice.java:41)
at com.mysmartprice.testngtests.MSP_TestNGTests.flipkartPriceComparisionTest(MSP_TestNGTests.java:60)
at java.base/jdk.internal.reflect.NativeMethodAccessorImpl.invoke0(Native Method)
at java.base/jdk.internal.reflect.NativeMethodAccessorImpl.invoke(NativeMethodAccessorImpl.java:62)
at java.base/jdk.internal.reflect.DelegatingMethodAccessorImpl.invoke(DelegatingMethodAccessorImpl.java:43)
at java.base/java.lang.reflect.Method.invoke(Method.java:564)
at org.testng.internal.MethodInvocationHelper.invokeMethod(MethodInvocationHelper.java:132)
at org.testng.internal.TestInvoker.invokeMethod(TestInvoker.java:599)
at org.testng.internal.TestInvoker.invokeTestMethod(TestInvoker.java:174)
at org.testng.internal.MethodRunner.runInSequence(MethodRunner.java:46)
at org.testng.internal.TestInvoker$MethodInvocationAgent.invoke(TestInvoker.java:822)
at org.testng.internal.TestInvoker.invokeTestMethods(TestInvoker.java:147)
at org.testng.internal.TestMethodWorker.invokeTestMethods(TestMethodWorker.java:146)
at org.testng.internal.TestMethodWorker.run(TestMethodWorker.java:128)
at java.base/java.util.ArrayList.forEach(ArrayList.java:1511)
at org.testng.TestRunner.privateRun(TestRunner.java:764)
at org.testng.TestRunner.run(TestRunner.java:585)
at org.testng.SuiteRunner.runTest(SuiteRunner.java:384)
at org.testng.SuiteRunner.runSequentially(SuiteRunner.java:378)
at org.testng.SuiteRunner.privateRun(SuiteRunner.java:337)
at org.testng.SuiteRunner.run(SuiteRunner.java:286)
at org.testng.SuiteRunnerWorker.runSuite(SuiteRunnerWorker.java:53)
at org.testng.SuiteRunnerWorker.run(SuiteRunnerWorker.java:96)
at org.testng.TestNG.runSuitesSequentially(TestNG.java:1218)
at org.testng.TestNG.runSuitesLocally(TestNG.java:1140)
at org.testng.TestNG.runSuites(TestNG.java:1069)
at org.testng.TestNG.run(TestNG.java:1037)
at org.testng.remote.AbstractRemoteTestNG.run(AbstractRemoteTestNG.java:115)
at org.testng.remote.RemoteTestNG.initAndRun(RemoteTestNG.java:251)
at org.testng.remote.RemoteTestNG.main(RemoteTestNG.java:77)
]]>
            </full-stacktrace>
          </exception> <!-- java.lang.AssertionError -->
          <reporter-output>
          </reporter-output>
        </test-method> <!-- flipkartPriceComparisionTest -->
        <test-method is-config="true" signature="closeAll()[pri:0, instance:com.mysmartprice.testngtests.MSP_TestNGTests@1817d444]" started-at="2020-09-21T00:35:35 IST" name="closeAll" finished-at="2020-09-21T00:35:36 IST" duration-ms="1486" status="PASS">
          <reporter-output>
          </reporter-output>
        </test-method> <!-- closeAll -->
        <test-method is-config="true" signature="startApplication(java.lang.String)[pri:0, instance:com.mysmartprice.testngtests.MSP_TestNGTests@1817d444]" started-at="2020-09-21T00:35:36 IST" name="startApplication" finished-at="2020-09-21T00:35:36 IST" duration-ms="1" status="PASS">
          <params>
            <param index="0">
              <value>
                <![CDATA[firefox]]>
              </value>
            </param>
          </params>
          <reporter-output>
          </reporter-output>
        </test-method> <!-- startApplication -->
        <test-method signature="tataCliqComparisionTest()[pri:0, instance:com.mysmartprice.testngtests.MSP_TestNGTests@1817d444]" started-at="2020-09-21T00:35:36 IST" name="tataCliqComparisionTest" finished-at="2020-09-21T00:36:14 IST" duration-ms="37360" status="FAIL">
          <exception class="java.lang.AssertionError">
            <message>
              <![CDATA[expected [28999.0] but found [31498.0]]]>
            </message>
            <full-stacktrace>
              <![CDATA[java.lang.AssertionError: expected [28999.0] but found [31498.0]
at org.testng.Assert.fail(Assert.java:99)
at org.testng.Assert.failNotEquals(Assert.java:1037)
at org.testng.Assert.assertEquals(Assert.java:701)
at org.testng.Assert.assertEquals(Assert.java:712)
at com.pages.MSP_CompareTataCliqPrice.compareTataCliqPrice(MSP_CompareTataCliqPrice.java:47)
at com.mysmartprice.testngtests.MSP_TestNGTests.tataCliqComparisionTest(MSP_TestNGTests.java:76)
at java.base/jdk.internal.reflect.NativeMethodAccessorImpl.invoke0(Native Method)
at java.base/jdk.internal.reflect.NativeMethodAccessorImpl.invoke(NativeMethodAccessorImpl.java:62)
at java.base/jdk.internal.reflect.DelegatingMethodAccessorImpl.invoke(DelegatingMethodAccessorImpl.java:43)
at java.base/java.lang.reflect.Method.invoke(Method.java:564)
at org.testng.internal.MethodInvocationHelper.invokeMethod(MethodInvocationHelper.java:132)
at org.testng.internal.TestInvoker.invokeMethod(TestInvoker.java:599)
at org.testng.internal.TestInvoker.invokeTestMethod(TestInvoker.java:174)
at org.testng.internal.MethodRunner.runInSequence(MethodRunner.java:46)
at org.testng.internal.TestInvoker$MethodInvocationAgent.invoke(TestInvoker.java:822)
at org.testng.internal.TestInvoker.invokeTestMethods(TestInvoker.java:147)
at org.testng.internal.TestMethodWorker.invokeTestMethods(TestMethodWorker.java:146)
at org.testng.internal.TestMethodWorker.run(TestMethodWorker.java:128)
at java.base/java.util.ArrayList.forEach(ArrayList.java:1511)
at org.testng.TestRunner.privateRun(TestRunner.java:764)
at org.testng.TestRunner.run(TestRunner.java:585)
at org.testng.SuiteRunner.runTest(SuiteRunner.java:384)
at org.testng.SuiteRunner.runSequentially(SuiteRunner.java:378)
at org.testng.SuiteRunner.privateRun(SuiteRunner.java:337)
at org.testng.SuiteRunner.run(SuiteRunner.java:286)
at org.testng.SuiteRunnerWorker.runSuite(SuiteRunnerWorker.java:53)
at org.testng.SuiteRunnerWorker.run(SuiteRunnerWorker.java:96)
at org.testng.TestNG.runSuitesSequentially(TestNG.java:1218)
at org.testng.TestNG.runSuitesLocally(TestNG.java:1140)
at org.testng.TestNG.runSuites(TestNG.java:1069)
at org.testng.TestNG.run(TestNG.java:1037)
at org.testng.remote.AbstractRemoteTestNG.run(AbstractRemoteTestNG.java:115)
at org.testng.remote.RemoteTestNG.initAndRun(RemoteTestNG.java:251)
at org.testng.remote.RemoteTestNG.main(RemoteTestNG.java:77)
]]>
            </full-stacktrace>
          </exception> <!-- java.lang.AssertionError -->
          <reporter-output>
          </reporter-output>
        </test-method> <!-- tataCliqComparisionTest -->
        <test-method is-config="true" signature="closeAll()[pri:0, instance:com.mysmartprice.testngtests.MSP_TestNGTests@1817d444]" started-at="2020-09-21T00:36:14 IST" name="closeAll" finished-at="2020-09-21T00:36:15 IST" duration-ms="1327" status="PASS">
          <reporter-output>
          </reporter-output>
        </test-method> <!-- closeAll -->
      </class> <!-- com.mysmartprice.testngtests.MSP_TestNGTests -->
    </test> <!-- MySmartPriceTest -->
  </suite> <!-- MySmartPriceSuite -->
</testng-results>
